0 info it worked if it ends with ok
1 verbose cli [ '/usr/local/bin/node', '/usr/local/bin/npm', 'run', 'watch' ]
2 info using npm@2.14.2
3 info using node@v4.0.0
4 verbose run-script [ 'prewatch', 'watch', 'postwatch' ]
5 info prewatch angular2-quickstart@1.0.0
6 info watch angular2-quickstart@1.0.0
7 verbose unsafe-perm in lifecycle true
8 info angular2-quickstart@1.0.0 Failed to exec watch script
9 verbose stack Error: angular2-quickstart@1.0.0 watch: `watchify -t [ babelify --presets es2015 --presets react ] ./app/index.jsx -o main.js -v`
9 verbose stack Exit status 1
9 verbose stack     at EventEmitter.<anonymous> (/usr/local/lib/node_modules/npm/lib/utils/lifecycle.js:214:16)
9 verbose stack     at emitTwo (events.js:87:13)
9 verbose stack     at EventEmitter.emit (events.js:172:7)
9 verbose stack     at ChildProcess.<anonymous> (/usr/local/lib/node_modules/npm/lib/utils/spawn.js:24:14)
9 verbose stack     at emitTwo (events.js:87:13)
9 verbose stack     at ChildProcess.emit (events.js:172:7)
9 verbose stack     at maybeClose (internal/child_process.js:817:16)
9 verbose stack     at Process.ChildProcess._handle.onexit (internal/child_process.js:211:5)
10 verbose pkgid angular2-quickstart@1.0.0
11 verbose cwd /Users/erikamoller/Desktop/Projects/Pinstack
12 error Darwin 14.5.0
13 error argv "/usr/local/bin/node" "/usr/local/bin/npm" "run" "watch"
14 error node v4.0.0
15 error npm  v2.14.2
16 error code ELIFECYCLE
17 error angular2-quickstart@1.0.0 watch: `watchify -t [ babelify --presets es2015 --presets react ] ./app/index.jsx -o main.js -v`
17 error Exit status 1
18 error Failed at the angular2-quickstart@1.0.0 watch script 'watchify -t [ babelify --presets es2015 --presets react ] ./app/index.jsx -o main.js -v'.
18 error This is most likely a problem with the angular2-quickstart package,
18 error not with npm itself.
18 error Tell the author that this fails on your system:
18 error     watchify -t [ babelify --presets es2015 --presets react ] ./app/index.jsx -o main.js -v
18 error You can get their info via:
18 error     npm owner ls angular2-quickstart
18 error There is likely additional logging output above.
19 verbose exit [ 1, true ]
